<?xml version="1.0" encoding="UTF-8"?>
<testsuite xmlns:xsi="http://www.w3.org/2001/XMLSchema-instance" xsi:noNamespaceSchemaLocation="https://maven.apache.org/surefire/maven-surefire-plugin/xsd/surefire-test-report-3.0.xsd" version="3.0" name="guru.springframework.spring6restmvc.Spring6RestMvcApplicationTests" time="1.608" tests="1" errors="0" skipped="0" failures="0">
  <properties>
[...]
</properties>
  <testcase name="contextLoads" classname="guru.springframework.spring6restmvc.Spring6RestMvcApplicationTests" time="0.467">
    <system-out><![CDATA[22:07:57.418 [main] INFO org.springframework.test.context.support.AnnotationConfigContextLoaderUtils -- Could not detect default configuration classes for test class [guru.springframework.spring6restmvc.Spring6RestMvcApplicationTests]: Spring6RestMvcApplicationTests does not declare any static, non-private, non-final, nested classes annotated with @Configuration.
22:07:57.483 [main] INFO org.springframework.boot.test.context.SpringBootTestContextBootstrapper -- Found @SpringBootConfiguration guru.springframework.spring6restmvc.Spring6RestMvcApplication for test class guru.springframework.spring6restmvc.Spring6RestMvcApplicationTests
  .   ____          _            __ _ _
 /\\ / ___'_ __ _ _(_)_ __  __ _ \ \ \ \
( ( )\___ | '_ | '_| | '_ \/ _` | \ \ \ \
 \\/  ___)| |_)| | | | | || (_| |  ) ) ) )
  '  |____| .__|_| |_|_| |_\__, | / / / /
 =========|_|==============|___/=/_/_/_/

 :: Spring Boot ::             (v3.3.0-M3)

2024-04-01T22:07:57.721+05:30  INFO 11185 --- [spring-6-rest-mvc] [           main] g.s.s.Spring6RestMvcApplicationTests     : Starting Spring6RestMvcApplicationTests using Java 17.0.10 with PID 11185 (started by root in /home/sourabh/Sprinboot/spring-6-rest-mvc)
2024-04-01T22:07:57.722+05:30  INFO 11185 --- [spring-6-rest-mvc] [           main] g.s.s.Spring6RestMvcApplicationTests     : No active profile set, falling back to 1 default profile: "default"
2024-04-01T22:07:58.426+05:30  INFO 11185 --- [spring-6-rest-mvc] [           main] g.s.s.Spring6RestMvcApplicationTests     : Started Spring6RestMvcApplicationTests in 0.861 seconds (process running for 1.477)
]]></system-out>
  </testcase>
</testsuite>